android/.build/react-native-image-crop-picker/intermediates/manifest_merge_blame_file/debug/manifest-merger-blame-debug-report.txt
1<?xml version="1.0" encoding="utf-8"?>
2<manifest xmlns:android="http://schemas.android.com/apk/res/android"
3    package="com.reactnative.ivpusic.imagepicker"
4    android:versionCode="1" >
5
6    <uses-sdk
7        android:minSdkVersion="16"
7-->src\main\AndroidManifest.xml
8        android:targetSdkVersion="26" />
8-->src\main\AndroidManifest.xml
9
10    <uses-permission android:name="android.permission.WRITE_EXTERNAL_STORAGE" />
10-->src\main\AndroidManifest.xml:4:5-81
10-->src\main\AndroidManifest.xml:4:22-78
11
12    <application>
12-->src\main\AndroidManifest.xml:6:5-21:19
13        <provider
13-->src\main\AndroidManifest.xml:8:9-16:20
14            android:name="androidx.core.content.FileProvider"
14-->src\main\AndroidManifest.xml:9:13-62
15            android:authorities="dollar_openBracket_applicationId_closeBracket.provider"
15-->src\main\AndroidManifest.xml:10:13-60
16            android:exported="false"
16-->src\main\AndroidManifest.xml:11:13-37
17            android:grantUriPermissions="true" >
17-->src\main\AndroidManifest.xml:12:13-47
18            <meta-data
18-->src\main\AndroidManifest.xml:13:13-15:58
19                android:name="android.support.FILE_PROVIDER_PATHS"
19-->src\main\AndroidManifest.xml:14:17-67
20                android:resource="@xml/provider_paths" />
20-->src\main\AndroidManifest.xml:15:17-55
21        </provider>
22
23        <activity
23-->src\main\AndroidManifest.xml:18:9-20:72
24            android:name="com.yalantis.ucrop.UCropActivity"
24-->src\main\AndroidManifest.xml:19:13-60
25            android:theme="@style/Theme.AppCompat.Light.NoActionBar" />
25-->src\main\AndroidManifest.xml:20:13-69
26    </application>
27
28</manifest>